<?xml version="1.0" encoding="UTF-8"?>
<!-- Generated by org.testng.reporters.JUnitReportReporter -->
<testsuite name="com.freecrm.qa.tests.HomePageTest" tests="6" time="68.738" ignored="0" failures="0" timestamp="24 Oct 2019 13:49:46 GMT" skipped="0" hostname="bharath_pc" errors="0">
  <testcase name="validateContactsPage" time="11.398" classname="com.freecrm.qa.tests.HomePageTest"/>
  <testcase name="validateTasksPage" time="13.426" classname="com.freecrm.qa.tests.HomePageTest"/>
  <testcase name="validateHomePageTitle" time="9.242" classname="com.freecrm.qa.tests.HomePageTest"/>
  <testcase name="validateNewContactPage" time="13.114" classname="com.freecrm.qa.tests.HomePageTest"/>
  <testcase name="validateDealsPage" time="11.235" classname="com.freecrm.qa.tests.HomePageTest"/>
  <testcase name="validateUserLabel" time="10.323" classname="com.freecrm.qa.tests.HomePageTest"/>
</testsuite> <!-- com.freecrm.qa.tests.HomePageTest -->
