<?xml version="1.0" encoding="UTF-8"?>
<!-- Generated by org.testng.reporters.JUnitReportReporter -->
<testsuite name="com.freecrm.qa.tests.ContactsPageTest" tests="2" time="26.678" ignored="0" failures="0" timestamp="24 Oct 2019 13:55:40 GMT" skipped="0" hostname="bharath_pc" errors="0">
  <testcase name="validateContact" time="12.858" classname="com.freecrm.qa.tests.ContactsPageTest"/>
  <testcase name="validateContactsLable" time="13.820" classname="com.freecrm.qa.tests.ContactsPageTest"/>
</testsuite> <!-- com.freecrm.qa.tests.ContactsPageTest -->
