<?xml version="1.0" encoding="UTF-8"?>
<!-- Generated by org.testng.reporters.JUnitReportReporter -->
<testsuite name="com.freecrm.qa.tests.NewContactPageTest" tests="4" time="61.569" ignored="0" failures="0" timestamp="25 Oct 2019 07:57:45 GMT" skipped="0" hostname="bharath_pc" errors="0">
  <testcase name="validateNewContact" time="16.146" classname="com.freecrm.qa.tests.NewContactPageTest"/>
  <testcase name="validateNewContact" time="16.340" classname="com.freecrm.qa.tests.NewContactPageTest"/>
  <testcase name="validateNewContact" time="14.444" classname="com.freecrm.qa.tests.NewContactPageTest"/>
  <testcase name="validateNewContact" time="14.639" classname="com.freecrm.qa.tests.NewContactPageTest"/>
</testsuite> <!-- com.freecrm.qa.tests.NewContactPageTest -->
